{"total": {"lines":{"total":409,"covered":333,"skipped":0,"pct":81.41},"statements":{"total":409,"covered":333,"skipped":0,"pct":81.41},"functions":{"total":25,"covered":11,"skipped":0,"pct":44},"branches":{"total":51,"covered":31,"skipped":0,"pct":60.78},"branchesTrue":{"total":0,"covered":0,"skipped":0,"pct":100}}
,"C:\\Users\\prateek.sharma5\\Downloads\\sdlc_agents_folder\\sdlc-agent-test-2\\frontend\\src\\api-service\\cart.service.jsx": {"lines":{"total":87,"covered":41,"skipped":0,"pct":47.12},"functions":{"total":6,"covered":3,"skipped":0,"pct":50},"statements":{"total":87,"covered":41,"skipped":0,"pct":47.12},"branches":{"total":8,"covered":8,"skipped":0,"pct":100}}
,"C:\\Users\\prateek.sharma5\\Downloads\\sdlc_agents_folder\\sdlc-agent-test-2\\frontend\\src\\components\\cart\\cart.jsx": {"lines":{"total":80,"covered":74,"skipped":0,"pct":92.5},"functions":{"total":8,"covered":2,"skipped":0,"pct":25},"statements":{"total":80,"covered":74,"skipped":0,"pct":92.5},"branches":{"total":16,"covered":11,"skipped":0,"pct":68.75}}
,"C:\\Users\\prateek.sharma5\\Downloads\\sdlc_agents_folder\\sdlc-agent-test-2\\frontend\\src\\pages\\checkout\\checkout.jsx": {"lines":{"total":141,"covered":137,"skipped":0,"pct":97.16},"functions":{"total":3,"covered":2,"skipped":0,"pct":66.66},"statements":{"total":141,"covered":137,"skipped":0,"pct":97.16},"branches":{"total":16,"covered":6,"skipped":0,"pct":37.5}}
,"C:\\Users\\prateek.sharma5\\Downloads\\sdlc_agents_folder\\sdlc-agent-test-2\\frontend\\src\\pages\\products\\products.jsx": {"lines":{"total":101,"covered":81,"skipped":0,"pct":80.19},"functions":{"total":8,"covered":4,"skipped":0,"pct":50},"statements":{"total":101,"covered":81,"skipped":0,"pct":80.19},"branches":{"total":11,"covered":6,"skipped":0,"pct":54.54}}
}
